
base_id: earth_station
base_name: "Earth Station"
count: 1
listings:
  - listing_id: "listing-1"
    ship_id: "ship-1"
    ship_name: "Lucky Strike"
    class_id: prospector
    price: 125000
    scale: 1
    tier: 2
    category: Mining
    hull: 80
    max_hull: 100
    shield: 20
    seller: Marlowe
    listed_at: 2026-05-29T12:00:00Z
buy_orders:
  - order_id: "ship-order-1"
    class_id: prospector
    class_name: Prospector
    price: 115000
    tax_escrow: 5750
    buyer: Ibis
    being_built: true
