{
  "items": [],
  "message": "Recipes: showing 1 of 24",
  "page": 1,
  "page_size": 20,
  "recipes": [
    {
      "category": "refining",
      "crafting_time": 3,
      "description": "Smelt iron ore into reinforced plates.",
      "id": "refine_iron_plates",
      "inputs": [
        {
          "item_id": "ore_iron",
          "quantity": 4
        },
        {
          "item_id": "fuel_cell",
          "quantity": 1
        }
      ],
      "name": "Refine Iron Plates",
      "outputs": [
        {
          "item_id": "iron_plate",
          "quantity": 2
        }
      ]
    }
  ],
  "total": 24,
  "total_pages": 2,
  "type": "recipes"
}
