
items:
  - class: capital_refinery
    empire: outerrim
    id: money_pit
    name: "Money Pit"
    passive_recipes: [refine_ore_iron]
    piloting_required: 5
    required_reputation: 60
    shipyard_tier: 5
    tier: 5
  - class: luxury_liner
    empire: solarian
    id: concierge_liner
    name: "Concierge Liner"
    piloting_required: 8
    prestige_lock: "Locked: prestige hull reserved for pilots who have earned the \"Galactic Concierge\" achievement."
    required_achievement: galactic_concierge
    shipyard_tier: 3
    tier: 4
message: "Ships: showing 2 of 22"
page: 1
page_size: 20
total: 22
total_pages: 1
type: ships
