
=== Facilities at earth_station ===

Power:
  Power: 95/120 draw (85% efficiency)
  Battery: 420/600

=== Construction ===

=== Pending ===

  Name               | ID               | Category       | Status              | ETA | Materials                       
  -------------------+------------------+----------------+---------------------+-----+---------------------------------
  Life Support Mk II | life_support_mk2 | infrastructure | gathering_materials |     | Circuit Board: 12/40, 28 missing

=== Under Construction ===

  Name              | ID               | Category       | Status   | ETA     | Materials
  ------------------+------------------+----------------+----------+---------+----------
  Battery Bank Mk I | battery_bank_mk1 | infrastructure | building | 9 ticks |          

=== Station Facilities ===

  Name        | ID           | Category | Active | Maint | Owner
  ------------+--------------+----------+--------+-------+------
  Fuel Bunker | station-fuel | service  | true   | true  |      

=== Player Facilities ===

  Name         | ID              | Category   | Active | Maint | Owner
  -------------+-----------------+------------+--------+-------+------
  Ore Refinery | player-refinery | production | false  | true  |      

=== Faction Facilities ===
(None)
