{
  "base_id": "earth_station",
  "power": {
    "supply": 120,
    "current_draw": 95,
    "battery_stored": 420,
    "battery_capacity": 600,
    "efficiency": 0.85
  },
  "construction": {
    "pending": [
      {
        "definition_id": "life_support_mk2",
        "name": "Life Support Mk II",
        "category": "infrastructure",
        "status": "gathering_materials",
        "materials": [
          {
            "item_id": "circuit_board",
            "name": "Circuit Board",
            "quantity_required": 40,
            "quantity_in_storage": 12,
            "quantity_missing": 28
          }
        ]
      }
    ],
    "under_construction": [
      {
        "definition_id": "battery_bank_mk1",
        "name": "Battery Bank Mk I",
        "category": "infrastructure",
        "status": "building",
        "ticks_until_complete": 9
      }
    ]
  },
  "station_facilities": [
    {
      "facility_id": "station-fuel",
      "type": "fuel_bunker",
      "name": "Fuel Bunker",
      "category": "service",
      "level": 3,
      "active": true,
      "maintenance_satisfied": true,
      "is_recycler": false
    },
    {
      "facility_id": "station-depot",
      "type": "confederacy_fleet_depot",
      "name": "Confederacy Fleet Depot",
      "category": "infrastructure",
      "level": 3,
      "active": true,
      "maintenance_satisfied": false,
      "maintenance_per_cycle": [
        {
          "item_id": "fuel_cell",
          "name": "Fuel Cell",
          "quantity": 12
        },
        {
          "item_id": "plasma_cell_pack",
          "name": "Plasma Cell Pack",
          "quantity": 4
        }
      ],
      "labor_per_cycle": 320
    }
  ],
  "player_facilities": [
    {
      "facility_id": "player-refinery",
      "type": "ore_refinery",
      "name": "Ore Refinery",
      "category": "production",
      "level": 2,
      "active": false,
      "maintenance_satisfied": true,
      "is_recycler": true,
      "configured_recipe_id": "iron_ore_reverse",
      "output_price_per_unit": 0.25,
      "idle_reason": "no_inputs"
    }
  ],
  "faction_facilities": [
    {
      "facility_id": "faction-smelter",
      "type": "alloy_smelter",
      "name": "Alloy Smelter",
      "category": "production",
      "level": 1,
      "active": true,
      "maintenance_satisfied": true,
      "output_price_per_unit": 0,
      "idle_reason": "insufficient_labor_credits"
    }
  ],
  "faction_rent": {
    "facilities": 1,
    "total_rent_per_cycle": 1200,
    "arrears_owed": 2400,
    "grace_cycles": 1,
    "est_rent_per_day": 7200,
    "note": "Faction facilities pay rent from the treasury each cycle."
  }
}
