
id: cb22dc89b36022a0beecea17d548b76b
name: "Interstellar Continental"
tag: NOIR
primary_color: #0D0D0D
secondary_color: #FFD700
created_at: 2026-04-30T00:36:56.053381041Z
leader: Marlowe
founder: Marlowe
treasury: 17265270
member_count: 3
members:
  - username: Marlowe
    role: Leader
    role_priority: 100
    joined_at: 2026-04-30T00:36:56.053381041Z
    last_seen: 2026-04-30T00:36:56.053381041Z
  - username: Arbiter47
    role: Officer
    role_priority: 50
    joined_at: 2026-07-11T23:51:36.899216109Z
    last_seen: 2026-07-11T23:51:36.899216189Z
  - username: Fabrini
    role: Officer
    role_priority: 50
    joined_at: 2026-04-30T00:40:48.658591923Z
    last_seen: 2026-04-30T00:40:48.658592013Z
allies: []
enemies: []
wars: []
stations: []
titles:
  - "Lean Operator"
  - "Old Guard"
  - Surveyors
emblems:
  - ore_sample
  - star_chart
  - ledger
ranks:
  - category: total_wealth
    label: "Total Wealth"
    rank: 4
    value: 822440818
  - category: member_count
    label: "Member Count"
    rank: 13
    value: 25
ranks_top_n: 30
ranks_generated_at: 2026-07-14T19:23:26.2023986Z
achievements:
  earned: 10
  total: 19
  points: 345
