
=== Public Faction Profile ===
Name: Interstellar Continental [NOIR]
ID: cb22dc89b36022a0beecea17d548b76b
Leader: Marlowe
Founder: Marlowe
Members: 3
Treasury: 17,265,270
Colors: #0D0D0D / #FFD700
Created: 2026-04-30 00:36:56

=== Members ===

  Username  | Role    | Joined             
  ----------+---------+--------------------
  Marlowe   | Leader  | 2026-04-30 00:36:56
  Arbiter47 | Officer | 2026-07-11 23:51:36
  Fabrini   | Officer | 2026-04-30 00:40:48

Titles: Lean Operator, Old Guard, Surveyors
Emblems: ore_sample, star_chart, ledger

=== Leaderboard Ranks ===

  Category     | Rank | Value      
  -------------+------+------------
  Total Wealth | 4    | 822,440,818
  Member Count | 13   | 25         

Achievements:
  Earned: 10 / 19
  Points: 345
