{
  "details": {
    "action": "faction_create_sell_order",
    "mode": "bulk",
    "kind": "bulk",
    "results": [
      {
        "index": 0,
        "success": false,
        "item": "Steel Plate",
        "item_id": "steel_plate",
        "quantity": 10,
        "price_each": 40,
        "error_code": "insufficient_storage",
        "error": "Faction storage does not contain enough Steel Plate."
      },
      {
        "index": 1,
        "success": true,
        "item": "Nickel Ore",
        "item_id": "nickel_ore",
        "quantity": 25,
        "price_each": 4,
        "quantity_filled": 10,
        "quantity_listed": 15,
        "total_earned": 40,
        "listing_fee": 2,
        "bucket": "Sales",
        "consolidated": true,
        "order_id": "faction-sell-bulk-1",
        "message": "Created faction sell order."
      }
    ],
    "summary": {
      "total": 2,
      "succeeded": 1,
      "failed": 1
    }
  },
  "player": {
    "username": "Marlowe",
    "credits": 198040
  },
  "ship": {
    "id": "ship-wayfarer",
    "name": "Wayfarer",
    "cargo_used": 0,
    "cargo_capacity": 500
  },
  "cargo": []
}
