
thread:
  id: "thread-1"
  title: "Fuel convoy"
  category: logistics
  author_id: "player-marlowe"
  author: Marlowe
  author_empire: "Sol Merchant Combine"
  author_faction_tag: SMC
  created_at: 2026-05-27T09:30:00Z
  updated_at: 2026-05-27T10:00:00Z
  content: "Coordinating fuel convoy departures."
  upvotes: 4
  reply_count: 1
  pinned: false
  locked: false
  is_dev_team: false
replies:
  - id: "reply-1"
    thread_id: "thread-1"
    author_id: "player-ibis"
    author: Ibis
    author_empire: "Sol Merchant Combine"
    author_faction_tag: SMC
    created_at: 2026-05-27T10:00:00Z
    content: "I can cover the Sol leg."
    upvotes: 2
    is_dev_team: false
page: 1
per_page: 20
total_replies: 1
has_more: false
