
message: "Ship status"
modules:
  - cpu_usage: 2
    module_id: "module-1"
    name: "Cargo Expander III"
    power_usage: 2
    size: 10
    slot: utility
    type: utility
    type_id: cargo_expander_iii
    wear: 0
    wear_status: Pristine
  - cpu_usage: 3
    module_id: "module-2"
    name: "Pulse Laser III"
    power_usage: 8
    size: 10
    slot: weapon
    type: weapon
    type_id: pulse_laser_iii
    wear: 2
    wear_status: Scuffed
ship:
  armor: 18
  cargo_capacity: 1250
  cargo_used: 0
  class_id: deep_survey
  class_name: "Deep Survey"
  cpu_capacity: 34
  cpu_used: 16
  custom_name: "Asteroid Accessory"
  defense_slots: 1
  fuel: 240
  hull: 420
  id: "ship-1"
  max_fuel: 240
  max_hull: 420
  max_shield: 300
  name: "Deep Survey"
  power_capacity: 75
  power_used: 23
  shield: 300
  shield_recharge: 4
  utility_slots: 5
  weapon_slots: 1
