
player:
  username: Marlowe
  credits: 4242
  empire: Terran
  citizenships:
    - solarian
    - nebula
  faction_id: smc
  clan_tag: SMC
  home_base: earth_station
  trading_restricted_until: 2026-07-18T12:34:56Z
  standings:
    crimson:
      baseline: 10
      outstanding_bounty: 0
      reputation: 94
    nebula:
      baseline: 20
      outstanding_bounty: 0
      reputation: 20
    pirates:
      baseline: 0
      outstanding_bounty: 2500
      reputation: -30
  stats:
    piloting:
      level: 5
      xp: 1200
    crafting:
      level: 2
      xp: 175
