
count: 4
current_tick: 901337
notifications:
  - id: "notif-system-1"
    type: system
    msg_type: system
    data: {message: "Server maintenance scheduled."}
    timestamp: 2026-05-23T18:59:39.049Z
  - id: "notif-chat-1"
    type: chat
    msg_type: chat_message
    data: {channel: local, sender: Ibis, content: "Clear skies over Sol today."}
    timestamp: 2026-05-23T19:01:02.000Z
  - id: "notif-market-1"
    type: market
    msg_type: market_update
    data: {base_id: haven_exchange, base_name: "Haven Exchange", tick: 901337, items: [{item_id: ore_iron, item_name: "Iron Ore", sell_orders: [{price_each: 12, quantity: 40, source: station}], buy_orders: [{price_each: 9, quantity: 25}]}]}
    timestamp: 2026-05-23T19:03:02.000Z
  - id: "notif-ship-1"
    type: system
    msg_type: ship_commission_complete
    data: {tick: 901400, commission_id: "commission-1", ship_id: "ship-42", ship_class: prospector, ship_name: Prospector, base_id: earth_station, base_name: "Earth Station"}
    timestamp: 2026-07-17T20:00:00.000Z
remaining: 0
timestamp: 1779562982
