{
  "base": {
    "defense_level": 55,
    "description": "A busy trade station.",
    "empire": "solarian",
    "facilities": [
      "fuel_grid",
      "trade_nexus",
      "fleet_yards"
    ],
    "fuel": 290750,
    "has_drones": true,
    "id": "nova_terra_central",
    "max_fuel": 0,
    "name": "Nova Terra Central",
    "poi_id": "nova_terra_central",
    "public_access": true
  },
  "condition": {
    "condition": "critical",
    "condition_text": "Critical infrastructure failure.",
    "satisfaction_pct": 16,
    "satisfied_count": 2,
    "total_service_infra": 12
  },
  "construction": {
    "pending": [
      {
        "definition_id": "life_support_mk2",
        "name": "Life Support Mk II",
        "category": "infrastructure",
        "status": "gathering_materials",
        "materials": [
          {
            "item_id": "circuit_board",
            "name": "Circuit Board",
            "quantity_required": 40,
            "quantity_in_storage": 12,
            "quantity_missing": 28
          }
        ]
      }
    ],
    "under_construction": [
      {
        "definition_id": "battery_bank_mk1",
        "name": "Battery Bank Mk I",
        "category": "infrastructure",
        "status": "building",
        "ticks_until_complete": 9
      }
    ]
  },
  "fuel_price": 6,
  "power": {
    "supply": 120,
    "structural_draw": 95,
    "battery_stored": 420,
    "battery_capacity": 600,
    "efficiency": 0.85
  },
  "services": [
    "crafting",
    "market",
    "missions",
    "refuel"
  ]
}
