
base:
  defense_level: 55
  description: "A busy trade station."
  empire: solarian
  facilities:
    - fuel_grid
    - trade_nexus
    - fleet_yards
  fuel: 290750
  id: nova_terra_central
  max_fuel: 0
  name: "Nova Terra Central"
  poi_id: nova_terra_central
  public_access: true
condition:
  condition: critical
  condition_text: "Critical infrastructure failure."
  satisfaction_pct: 16
  satisfied_count: 2
  total_service_infra: 12
fuel_price: 6
services:
  - crafting
  - market
  - missions
  - refuel
