{
  "nearby": [
    {
      "username": "Marlowe",
      "faction_tag": "SMC",
      "ship_class": "prospector",
      "docked": false,
      "in_combat": false
    },
    {
      "username": "Ibis",
      "faction_tag": "SMC",
      "ship_class": "hauler",
      "docked": true,
      "offline": false,
      "in_combat": false,
      "status_message": "refitting"
    }
  ],
  "count": 2,
  "pirates": [
    {
      "name": "Raider",
      "ship_class": "skiff",
      "status": "hostile"
    }
  ],
  "pirate_count": 1,
  "empire_npcs": [
    {
      "name": "Patrol",
      "ship_class": "interceptor"
    }
  ],
  "empire_npc_count": 1,
  "creatures": [
    {
      "creature_id": "creature_pilot_whale_1",
      "species": "pilot_whale",
      "name": "Pilot-Whale Pod",
      "role": "grazer",
      "hull": 80,
      "max_hull": 120,
      "in_combat": false
    }
  ],
  "creature_count": 1,
  "poi_id": "sol_cloudbank"
}
