
message: "Location retrieved"
credits: 12345
location:
  system_id: sol
  system_name: Sol
  empire: Terran
  security_status: "high security"
  connections:
    - alpha_centauri
  poi_id: sol_earth
  poi_name: Earth
  poi_type: planet
  docked_at: earth_station
  nearby_player_count: 1
  nearby_players:
    - username: Marlowe
      faction_tag: SMC
      ship_class: prospector
  nearby_pirate_count: 2
  nearby_pirates:
    - name: Raider
  nearby_empire_npc_count: 1
  nearby_empire_npcs:
    - name: Patrol
