{
  "station": "Earth Station",
  "count": 1,
  "fare_surge": 1.8,
  "demand_level": "underserved",
  "market_conditions": "High demand after long wait times.",
  "waiting": [
    {
      "citizen_id": "citizen-orin",
      "name": "Orin Pax",
      "bio": "A machinist headed home after a long contract in the belt.",
      "class": "business",
      "citizenship": "solarian",
      "destination": "nova_central",
      "destination_name": "Nova Central",
      "destination_system": "Nova",
      "estimated_fare": 240
    }
  ]
}
