{
  "count": 1,
  "economy_berths": "1/2",
  "business_berths": "0/1",
  "first_berths": "0/0",
  "onboard_service": "Onboard Galley — serving drinks each service cycle",
  "passengers": [
    {
      "citizen_id": "citizen-lyra",
      "name": "Lyra Vale",
      "bio": "A courier with a nervous smile and a sealed satchel.",
      "class": "economy",
      "destination": "nova_central",
      "destination_name": "Nova Central",
      "destination_system": "Nova",
      "base_fare": 125,
      "speed_bonus": 25,
      "ticks_remaining": 8
    }
  ]
}
