
=== Public Player Profile ===
Username: Arbiter47
Empire: Voidborn Collective (voidborn)
Online: yes
Colors: #FFFFFF / #000000
Created: 2026-07-11 23:34:42
Faction: Interstellar Continental [NOIR] (Officer)

Location:
  System: Trader's Rest
  Station: Trader's Rest Resort Station

=== Lifetime Stats ===

  Stat             | Value  
  -----------------+--------
  Credits Earned   | 385,586
  Ships Destroyed  | 0      
  Ore Mined        | 43,638 
  Systems Explored | 85     
  Jumps Completed  | 313    
  Time Played      | 163,080

No top-30 leaderboard placements.

Achievements:
  Earned: 6 / 62
  Points: 65
