{
  "details": {
    "action": "cancel",
    "contract": {
      "id": "shipment-canceled-1",
      "package_id": "package-relief-1",
      "shipper": {
        "kind": "player",
        "id": "marlowe"
      },
      "recipient": {
        "kind": "station",
        "id": "nova_central"
      },
      "origin_base_id": "earth_station",
      "destination_base_id": "nova_central",
      "shipping_house_id": "earth_mission_board",
      "visibility": "public",
      "service_level": "standard",
      "status": "canceled",
      "posted_at": "2026-07-17T10:00:00Z",
      "listing_expires_at": "2026-07-18T10:00:00Z",
      "base_reward": 12000,
      "max_speed_bonus": 0,
      "service_fee": 800,
      "reward_escrow": 12000,
      "speed_bonus_escrow": 0,
      "failure_debt": 500,
      "reserved_exposure": 500,
      "policy_status": "none",
      "insurable": false,
      "risk_band": "unpriced",
      "settled_at": "2026-07-17T10:02:00Z",
      "terminal_reason": "Shipper canceled the unaccepted listing."
    },
    "shipper_refund": 12000,
    "claim_paid": 0,
    "debt_created": 0
  },
  "player": {
    "username": "Marlowe",
    "credits": 195750
  },
  "ship": {
    "id": "ship-wayfarer",
    "name": "Wayfarer",
    "cargo_used": 100,
    "cargo_capacity": 500
  },
  "cargo": [
    {
      "item_id": "sealed_package",
      "package_id": "package-relief-1",
      "quantity": 1,
      "size": 100
    }
  ]
}
