{
  "kind": "lounge_checkin",
  "message": "Checked passengers into the Transit Lounge.",
  "lounge": "Transit Lounge",
  "capacity": 20,
  "occupancy": 2,
  "count": 1,
  "deadline_bonus_ticks": 50,
  "checked_in": [
    {
      "citizen_id": "citizen-orin",
      "name": "Orin Pax",
      "bio": "A machinist laid over for an onward leg.",
      "class": "business",
      "connecting": true,
      "destination": "earth_station",
      "destination_name": "Earth Station",
      "destination_system": "Sol",
      "base_fare": 240,
      "speed_bonus": 0,
      "ticks_remaining": 40
    }
  ],
  "skipped_full": 0
}
