{
  "kind": "all",
  "message": "Unloaded all passengers.",
  "delivered": [
    {
      "citizen_id": "citizen-lyra",
      "name": "Lyra Vale",
      "bio": "A courier with a nervous smile and a sealed satchel.",
      "class": "economy",
      "destination": "nova_central",
      "destination_name": "Nova Central",
      "destination_system": "Nova",
      "base_fare": 125,
      "speed_bonus": 25,
      "ticks_remaining": 8
    }
  ],
  "stranded": [
    {
      "citizen_id": "citizen-orin",
      "name": "Orin Pax",
      "bio": "A machinist stranded before reaching home.",
      "class": "business",
      "destination": "earth_station",
      "destination_name": "Earth Station",
      "destination_system": "Sol",
      "base_fare": 240,
      "speed_bonus": 0,
      "ticks_remaining": 3
    }
  ],
  "fare_collected": 150,
  "reputation_changes": {
    "solarian": -1
  }
}
