{
  "action": "view_orders",
  "base": "Earth Station",
  "scope": "personal",
  "orders": [
    {
      "order_id": "order-1",
      "order_type": "limit",
      "side": "buy",
      "item_id": "ore_iron",
      "item_name": "Iron Ore",
      "quantity": 100,
      "remaining": 75,
      "filled_quantity": 25,
      "price_each": 12,
      "listing_fee": 25,
      "created_at": "2026-05-29T00:00:00Z"
    }
  ],
  "total": 1,
  "page": 1,
  "page_size": 20,
  "total_pages": 1,
  "has_more": false,
  "hint": "Showing personal market orders.",
  "sort_by": "newest"
}
